c:\users\user1\desktop\study\sofia-university\oop\linked lists\linkedlists\linkedlists\debug\vc142.pdb
c:\users\user1\desktop\study\sofia-university\oop\linked lists\linkedlists\linkedlists\debug\vc142.idb
c:\users\user1\desktop\study\sofia-university\oop\linked lists\linkedlists\linkedlists\debug\source.obj
c:\users\user1\desktop\study\sofia-university\oop\linked lists\linkedlists\linkedlists\debug\llist.obj
c:\users\user1\desktop\study\sofia-university\oop\linked lists\linkedlists\linkedlists\debug\linkedlists.res
c:\users\user1\desktop\study\sofia-university\oop\linked lists\linkedlists\debug\linkedlists.pdb
c:\users\user1\desktop\study\sofia-university\oop\linked lists\linkedlists\linkedlists\debug\linkedlists.tlog\cl.command.1.tlog
c:\users\user1\desktop\study\sofia-university\oop\linked lists\linkedlists\linkedlists\debug\linkedlists.tlog\cl.read.1.tlog
c:\users\user1\desktop\study\sofia-university\oop\linked lists\linkedlists\linkedlists\debug\linkedlists.tlog\cl.write.1.tlog
c:\users\user1\desktop\study\sofia-university\oop\linked lists\linkedlists\linkedlists\debug\linkedlists.tlog\link-cvtres.read.1.tlog
c:\users\user1\desktop\study\sofia-university\oop\linked lists\linkedlists\linkedlists\debug\linkedlists.tlog\link-cvtres.write.1.tlog
c:\users\user1\desktop\study\sofia-university\oop\linked lists\linkedlists\linkedlists\debug\linkedlists.tlog\link-rc.read.1.tlog
c:\users\user1\desktop\study\sofia-university\oop\linked lists\linkedlists\linkedlists\debug\linkedlists.tlog\link-rc.write.1.tlog
c:\users\user1\desktop\study\sofia-university\oop\linked lists\linkedlists\linkedlists\debug\linkedlists.tlog\link.21340-cvtres.read.1.tlog
c:\users\user1\desktop\study\sofia-university\oop\linked lists\linkedlists\linkedlists\debug\linkedlists.tlog\link.21340-cvtres.write.1.tlog
c:\users\user1\desktop\study\sofia-university\oop\linked lists\linkedlists\linkedlists\debug\linkedlists.tlog\link.21340-rc.read.1.tlog
c:\users\user1\desktop\study\sofia-university\oop\linked lists\linkedlists\linkedlists\debug\linkedlists.tlog\link.21340-rc.write.1.tlog
c:\users\user1\desktop\study\sofia-university\oop\linked lists\linkedlists\linkedlists\debug\linkedlists.tlog\link.21340.read.1.tlog
c:\users\user1\desktop\study\sofia-university\oop\linked lists\linkedlists\linkedlists\debug\linkedlists.tlog\link.21340.write.1.tlog
c:\users\user1\desktop\study\sofia-university\oop\linked lists\linkedlists\linkedlists\debug\linkedlists.tlog\link.command.1.tlog
c:\users\user1\desktop\study\sofia-university\oop\linked lists\linkedlists\linkedlists\debug\linkedlists.tlog\link.read.1.tlog
c:\users\user1\desktop\study\sofia-university\oop\linked lists\linkedlists\linkedlists\debug\linkedlists.tlog\link.write.1.tlog
c:\users\user1\desktop\study\sofia-university\oop\linked lists\linkedlists\linkedlists\debug\linkedlists.tlog\rc.command.1.tlog
c:\users\user1\desktop\study\sofia-university\oop\linked lists\linkedlists\linkedlists\debug\linkedlists.tlog\rc.read.1.tlog
c:\users\user1\desktop\study\sofia-university\oop\linked lists\linkedlists\linkedlists\debug\linkedlists.tlog\rc.write.1.tlog
