  ChallengesArray.cpp
C:\Users\User1\Desktop\Sofia-University\OOP\homework I\stayAtHome\stayAtHome\ChallengesArray.cpp(26,20): warning C4018: '<': signed/unsigned mismatch
C:\Users\User1\Desktop\Sofia-University\OOP\homework I\stayAtHome\stayAtHome\ChallengesArray.cpp(51,20): warning C4018: '<': signed/unsigned mismatch
C:\Users\User1\Desktop\Sofia-University\OOP\homework I\stayAtHome\stayAtHome\ChallengesArray.cpp(64,20): warning C4018: '<': signed/unsigned mismatch
  Main.cpp
  System.cpp
C:\Users\User1\Desktop\Sofia-University\OOP\homework I\stayAtHome\stayAtHome\System.cpp(43,23): warning C4018: '<': signed/unsigned mismatch
C:\Users\User1\Desktop\Sofia-University\OOP\homework I\stayAtHome\stayAtHome\System.cpp(72,23): warning C4018: '<': signed/unsigned mismatch
C:\Users\User1\Desktop\Sofia-University\OOP\homework I\stayAtHome\stayAtHome\System.cpp(195,35): warning C4018: '<': signed/unsigned mismatch
C:\Users\User1\Desktop\Sofia-University\OOP\homework I\stayAtHome\stayAtHome\System.cpp(87,23): warning C4996: 'strtok': This function or variable may be unsafe. Consider using strtok_s instead. To disable deprecation, use _CRT_SECURE_NO_WARNINGS. See online help for details.
C:\Users\User1\Desktop\Sofia-University\OOP\homework I\stayAtHome\stayAtHome\System.cpp(88,9): warning C4996: 'strcpy': This function or variable may be unsafe. Consider using strcpy_s instead. To disable deprecation, use _CRT_SECURE_NO_WARNINGS. See online help for details.
C:\Users\User1\Desktop\Sofia-University\OOP\homework I\stayAtHome\stayAtHome\System.cpp(94,21): warning C4996: 'strtok': This function or variable may be unsafe. Consider using strtok_s instead. To disable deprecation, use _CRT_SECURE_NO_WARNINGS. See online help for details.
C:\Users\User1\Desktop\Sofia-University\OOP\homework I\stayAtHome\stayAtHome\System.cpp(102,21): warning C4996: 'strcpy': This function or variable may be unsafe. Consider using strcpy_s instead. To disable deprecation, use _CRT_SECURE_NO_WARNINGS. See online help for details.
C:\Users\User1\Desktop\Sofia-University\OOP\homework I\stayAtHome\stayAtHome\System.cpp(109,25): warning C4996: 'strcpy': This function or variable may be unsafe. Consider using strcpy_s instead. To disable deprecation, use _CRT_SECURE_NO_WARNINGS. See online help for details.
C:\Users\User1\Desktop\Sofia-University\OOP\homework I\stayAtHome\stayAtHome\System.cpp(113,25): warning C4996: 'strcpy': This function or variable may be unsafe. Consider using strcpy_s instead. To disable deprecation, use _CRT_SECURE_NO_WARNINGS. See online help for details.
C:\Users\User1\Desktop\Sofia-University\OOP\homework I\stayAtHome\stayAtHome\System.cpp(117,25): warning C4996: 'strtok': This function or variable may be unsafe. Consider using strtok_s instead. To disable deprecation, use _CRT_SECURE_NO_WARNINGS. See online help for details.
C:\Users\User1\Desktop\Sofia-University\OOP\homework I\stayAtHome\stayAtHome\System.cpp(122,17): warning C4996: 'strcpy': This function or variable may be unsafe. Consider using strcpy_s instead. To disable deprecation, use _CRT_SECURE_NO_WARNINGS. See online help for details.
C:\Users\User1\Desktop\Sofia-University\OOP\homework I\stayAtHome\stayAtHome\System.cpp(127,17): warning C4996: 'strcpy': This function or variable may be unsafe. Consider using strcpy_s instead. To disable deprecation, use _CRT_SECURE_NO_WARNINGS. See online help for details.
C:\Users\User1\Desktop\Sofia-University\OOP\homework I\stayAtHome\stayAtHome\System.cpp(142,21): warning C4996: 'strtok': This function or variable may be unsafe. Consider using strtok_s instead. To disable deprecation, use _CRT_SECURE_NO_WARNINGS. See online help for details.
C:\Users\User1\Desktop\Sofia-University\OOP\homework I\stayAtHome\stayAtHome\System.cpp(152,21): warning C4996: 'strcpy': This function or variable may be unsafe. Consider using strcpy_s instead. To disable deprecation, use _CRT_SECURE_NO_WARNINGS. See online help for details.
C:\Users\User1\Desktop\Sofia-University\OOP\homework I\stayAtHome\stayAtHome\System.cpp(163,21): warning C4996: 'strcpy': This function or variable may be unsafe. Consider using strcpy_s instead. To disable deprecation, use _CRT_SECURE_NO_WARNINGS. See online help for details.
C:\Users\User1\Desktop\Sofia-University\OOP\homework I\stayAtHome\stayAtHome\System.cpp(173,21): warning C4996: 'strcpy': This function or variable may be unsafe. Consider using strcpy_s instead. To disable deprecation, use _CRT_SECURE_NO_WARNINGS. See online help for details.
C:\Users\User1\Desktop\Sofia-University\OOP\homework I\stayAtHome\stayAtHome\System.cpp(184,25): warning C4996: 'strtok': This function or variable may be unsafe. Consider using strtok_s instead. To disable deprecation, use _CRT_SECURE_NO_WARNINGS. See online help for details.
C:\Users\User1\Desktop\Sofia-University\OOP\homework I\stayAtHome\stayAtHome\System.cpp(212,21): warning C4996: 'strtok': This function or variable may be unsafe. Consider using strtok_s instead. To disable deprecation, use _CRT_SECURE_NO_WARNINGS. See online help for details.
C:\Users\User1\Desktop\Sofia-University\OOP\homework I\stayAtHome\stayAtHome\System.cpp(215,13): warning C4996: 'strcpy': This function or variable may be unsafe. Consider using strcpy_s instead. To disable deprecation, use _CRT_SECURE_NO_WARNINGS. See online help for details.
  User.cpp
C:\Users\User1\Desktop\Sofia-University\OOP\homework I\stayAtHome\stayAtHome\User.cpp(8,2): warning C4996: 'strcpy': This function or variable may be unsafe. Consider using strcpy_s instead. To disable deprecation, use _CRT_SECURE_NO_WARNINGS. See online help for details.
C:\Users\User1\Desktop\Sofia-University\OOP\homework I\stayAtHome\stayAtHome\User.cpp(9,2): warning C4996: 'strcpy': This function or variable may be unsafe. Consider using strcpy_s instead. To disable deprecation, use _CRT_SECURE_NO_WARNINGS. See online help for details.
C:\Users\User1\Desktop\Sofia-University\OOP\homework I\stayAtHome\stayAtHome\User.cpp(17,2): warning C4996: 'strcpy': This function or variable may be unsafe. Consider using strcpy_s instead. To disable deprecation, use _CRT_SECURE_NO_WARNINGS. See online help for details.
C:\Users\User1\Desktop\Sofia-University\OOP\homework I\stayAtHome\stayAtHome\User.cpp(18,2): warning C4996: 'strcpy': This function or variable may be unsafe. Consider using strcpy_s instead. To disable deprecation, use _CRT_SECURE_NO_WARNINGS. See online help for details.
C:\Users\User1\Desktop\Sofia-University\OOP\homework I\stayAtHome\stayAtHome\User.cpp(19,2): warning C4996: 'strcpy': This function or variable may be unsafe. Consider using strcpy_s instead. To disable deprecation, use _CRT_SECURE_NO_WARNINGS. See online help for details.
C:\Users\User1\Desktop\Sofia-University\OOP\homework I\stayAtHome\stayAtHome\User.cpp(35,20): warning C4018: '<': signed/unsigned mismatch
C:\Users\User1\Desktop\Sofia-University\OOP\homework I\stayAtHome\stayAtHome\User.cpp(50,6): warning C4101: '_age': unreferenced local variable
C:\Users\User1\Desktop\Sofia-University\OOP\homework I\stayAtHome\stayAtHome\User.cpp(94,3): warning C4996: 'strcpy': This function or variable may be unsafe. Consider using strcpy_s instead. To disable deprecation, use _CRT_SECURE_NO_WARNINGS. See online help for details.
C:\Users\User1\Desktop\Sofia-University\OOP\homework I\stayAtHome\stayAtHome\User.cpp(95,3): warning C4996: 'strcpy': This function or variable may be unsafe. Consider using strcpy_s instead. To disable deprecation, use _CRT_SECURE_NO_WARNINGS. See online help for details.
C:\Users\User1\Desktop\Sofia-University\OOP\homework I\stayAtHome\stayAtHome\User.cpp(96,3): warning C4996: 'strcpy': This function or variable may be unsafe. Consider using strcpy_s instead. To disable deprecation, use _CRT_SECURE_NO_WARNINGS. See online help for details.
  VectorUser.cpp
C:\Users\User1\Desktop\Sofia-University\OOP\homework I\stayAtHome\stayAtHome\VectorUser.cpp(28,20): warning C4018: '<': signed/unsigned mismatch
C:\Users\User1\Desktop\Sofia-University\OOP\homework I\stayAtHome\stayAtHome\VectorUser.cpp(53,20): warning C4018: '<': signed/unsigned mismatch
C:\Users\User1\Desktop\Sofia-University\OOP\homework I\stayAtHome\stayAtHome\VectorUser.cpp(66,20): warning C4018: '<': signed/unsigned mismatch
  Generating Code...
  stayAtHome.vcxproj -> C:\Users\User1\Desktop\Sofia-University\OOP\homework I\stayAtHome\Debug\stayAtHome.exe
